c:\users\pallav\desktop\anima\mfcapplication2\mfcapplication\mfcapplication\x64\release\mfcapplication.pch
c:\users\pallav\desktop\anima\mfcapplication2\mfcapplication\mfcapplication\x64\release\vc143.pdb
c:\users\pallav\desktop\anima\mfcapplication2\mfcapplication\mfcapplication\x64\release\pch.obj
c:\users\pallav\desktop\anima\mfcapplication2\mfcapplication\mfcapplication\x64\release\recordnamedlg.obj
c:\users\pallav\desktop\anima\mfcapplication2\mfcapplication\mfcapplication\x64\release\mfcspeakpage.obj
c:\users\pallav\desktop\anima\mfcapplication2\mfcapplication\mfcapplication\x64\release\mfcsettingdlg.obj
c:\users\pallav\desktop\anima\mfcapplication2\mfcapplication\mfcapplication\x64\release\mfcrecordpage.obj
c:\users\pallav\desktop\anima\mfcapplication2\mfcapplication\mfcapplication\x64\release\mfcocrreaderdlg.obj
c:\users\pallav\desktop\anima\mfcapplication2\mfcapplication\mfcapplication\x64\release\mfchomepage.obj
c:\users\pallav\desktop\anima\mfcapplication2\mfcapplication\mfcapplication\x64\release\mfcapplicationdlg.obj
c:\users\pallav\desktop\anima\mfcapplication2\mfcapplication\mfcapplication\x64\release\mfcapplication.obj
c:\users\pallav\desktop\anima\mfcapplication2\mfcapplication\mfcapplication\x64\release\initthread.obj
c:\users\pallav\desktop\anima\mfcapplication2\mfcapplication\mfcapplication\x64\release\initdlg.obj
c:\users\pallav\desktop\anima\mfcapplication2\mfcapplication\x64\release\mfcapplication.exe
c:\users\pallav\desktop\anima\mfcapplication2\mfcapplication\mfcapplication\x64\release\mfcapplication.ipdb
c:\users\pallav\desktop\anima\mfcapplication2\mfcapplication\x64\release\mfcapplication.pdb
c:\users\pallav\desktop\anima\mfcapplication2\mfcapplication\mfcapplication\x64\release\mfcapplication.iobj
c:\users\pallav\desktop\anima\mfcapplication2\mfcapplication\x64\release\leptonica-1.83.1.dll
c:\users\pallav\desktop\anima\mfcapplication2\mfcapplication\x64\release\gif.dll
c:\users\pallav\desktop\anima\mfcapplication2\mfcapplication\x64\release\jpeg62.dll
c:\users\pallav\desktop\anima\mfcapplication2\mfcapplication\x64\release\openjp2.dll
c:\users\pallav\desktop\anima\mfcapplication2\mfcapplication\x64\release\libpng16.dll
c:\users\pallav\desktop\anima\mfcapplication2\mfcapplication\x64\release\zlib1.dll
c:\users\pallav\desktop\anima\mfcapplication2\mfcapplication\x64\release\tiff.dll
c:\users\pallav\desktop\anima\mfcapplication2\mfcapplication\x64\release\liblzma.dll
c:\users\pallav\desktop\anima\mfcapplication2\mfcapplication\x64\release\libwebp.dll
c:\users\pallav\desktop\anima\mfcapplication2\mfcapplication\x64\release\libsharpyuv.dll
c:\users\pallav\desktop\anima\mfcapplication2\mfcapplication\x64\release\libwebpmux.dll
c:\users\pallav\desktop\anima\mfcapplication2\mfcapplication\x64\release\tesseract53.dll
c:\users\pallav\desktop\anima\mfcapplication2\mfcapplication\x64\release\archive.dll
c:\users\pallav\desktop\anima\mfcapplication2\mfcapplication\x64\release\bz2.dll
c:\users\pallav\desktop\anima\mfcapplication2\mfcapplication\x64\release\lz4.dll
c:\users\pallav\desktop\anima\mfcapplication2\mfcapplication\x64\release\zstd.dll
c:\users\pallav\desktop\anima\mfcapplication2\mfcapplication\x64\release\libcrypto-3-x64.dll
c:\users\pallav\desktop\anima\mfcapplication2\mfcapplication\x64\release\libcurl.dll
c:\users\pallav\desktop\anima\mfcapplication2\mfcapplication\mfcapplication\x64\release\mfcapplication.res
c:\users\pallav\desktop\anima\mfcapplication2\mfcapplication\mfcapplication\x64\release\mfcapplication.tlog\cl.command.1.tlog
c:\users\pallav\desktop\anima\mfcapplication2\mfcapplication\mfcapplication\x64\release\mfcapplication.tlog\cl.read.1.tlog
c:\users\pallav\desktop\anima\mfcapplication2\mfcapplication\mfcapplication\x64\release\mfcapplication.tlog\cl.write.1.tlog
c:\users\pallav\desktop\anima\mfcapplication2\mfcapplication\mfcapplication\x64\release\mfcapplication.tlog\link.command.1.tlog
c:\users\pallav\desktop\anima\mfcapplication2\mfcapplication\mfcapplication\x64\release\mfcapplication.tlog\link.read.1.tlog
c:\users\pallav\desktop\anima\mfcapplication2\mfcapplication\mfcapplication\x64\release\mfcapplication.tlog\link.write.1.tlog
c:\users\pallav\desktop\anima\mfcapplication2\mfcapplication\mfcapplication\x64\release\mfcapplication.tlog\mfcapplication.write.1u.tlog
c:\users\pallav\desktop\anima\mfcapplication2\mfcapplication\mfcapplication\x64\release\mfcapplication.tlog\rc.command.1.tlog
c:\users\pallav\desktop\anima\mfcapplication2\mfcapplication\mfcapplication\x64\release\mfcapplication.tlog\rc.read.1.tlog
c:\users\pallav\desktop\anima\mfcapplication2\mfcapplication\mfcapplication\x64\release\mfcapplication.tlog\rc.write.1.tlog
